Arguments: 
  /usr/local/bin/node /usr/local/bin/yarn dev

PATH: 
  /Library/Frameworks/Python.framework/Versions/3.6/bin:/opt/local/bin:/opt/local/sbin:/Library/Frameworks/Python.framework/Versions/2.7/bin:/Library/Frameworks/Python.framework/Versions/3.4/bin:/usr/local/bin:/usr/bin:/bin:/usr/sbin:/sbin:/Users/Pascalschilp/Documents/WebDriver:/Users/Pascalschilp/Downloads/apache-maven-3.5.2/bin

Yarn version: 
  0.27.5

Node version: 
  8.6.0

Platform: 
  darwin x64

npm manifest: 
  {
    "name": "testapp",
    "version": "1.0.0",
    "description": "",
    "main": "index.js",
    "scripts": {
      "test": "echo \"Error: no test specified\" && exit 1",
      "dev": "nodemon index.js"
    },
    "keywords": [],
    "author": "",
    "license": "ISC",
    "dependencies": {
      "express": "^4.16.2",
      "mongoose": "^5.0.2",
    },
    "devDependencies": {
      "body-parser": "^1.18.2",
      "nodemon": "^1.14.11"
    }
  }

yarn manifest: 
  No manifest

Lockfile: 
  No lockfile

Trace: 
  SyntaxError: /Users/Pascalschilp/Desktop/Sogyo/pol2/testapp/package.json: Unexpected token } in JSON at position 325
      at JSON.parse (<anonymous>)
      at /usr/local/Cellar/yarn/0.27.5/libexec/lib/yarn-cli.js:747:57
      at Generator.next (<anonymous>)
      at step (/usr/local/Cellar/yarn/0.27.5/libexec/lib/yarn-cli.js:91:30)
      at /usr/local/Cellar/yarn/0.27.5/libexec/lib/yarn-cli.js:102:13
      at <anonymous>
